{
  "stats": {
    "suites": 1,
    "tests": 1,
    "passes": 1,
    "pending": 0,
    "failures": 0,
    "start": "2023-04-25T06:47:39.039Z",
    "end": "2023-04-25T06:47:46.334Z",
    "duration": 7295,
    "testsRegistered": 1,
    "passPercent": 100,
    "pendingPercent": 0,
    "other": 0,
    "hasOther": false,
    "skipped": 0,
    "hasSkipped": false
  },
  "results": [
    {
      "uuid": "84880a12-77d9-4d0d-ae82-b50344cb5880",
      "title": "",
      "fullFile": "cypress\\e2e\\childWindow.cy.js",
      "file": "cypress\\e2e\\childWindow.cy.js",
      "beforeHooks": [],
      "afterHooks": [],
      "tests": [],
      "suites": [
        {
          "uuid": "d2c6630b-b9c7-407c-9766-9ef9eb909a91",
          "title": "handle childwindow",
          "fullFile": "",
          "file": "",
          "beforeHooks": [],
          "afterHooks": [],
          "tests": [
            {
              "title": "demo childwindow",
              "fullTitle": "handle childwindow demo childwindow",
              "timedOut": null,
              "duration": 3859,
              "state": "passed",
              "speed": "fast",
              "pass": true,
              "fail": false,
              "pending": false,
              "context": null,
              "code": "cy.visit('https://the-internet.herokuapp.com/windows');\ncy.get('.example > a').invoke('removeAttr', 'target').click();\n// verify child window url\ncy.url().should('include', 'https://the-internet.herokuapp.com/windows/new');\n// shift to parent window\ncy.go('back');",
              "err": {},
              "uuid": "c7b6b711-8f95-45e7-b22c-7e44d9b61141",
              "parentUUID": "d2c6630b-b9c7-407c-9766-9ef9eb909a91",
              "isHook": false,
              "skipped": false
            }
          ],
          "suites": [],
          "passes": [
            "c7b6b711-8f95-45e7-b22c-7e44d9b61141"
          ],
          "failures": [],
          "pending": [],
          "skipped": [],
          "duration": 3859,
          "root": false,
          "rootEmpty": false,
          "_timeout": 2000
        }
      ],
      "passes": [],
      "failures": [],
      "pending": [],
      "skipped": [],
      "duration": 0,
      "root": true,
      "rootEmpty": true,
      "_timeout": 2000
    }
  ],
  "meta": {
    "mocha": {
      "version": "7.0.1"
    },
    "mochawesome": {
      "options": {
        "quiet": false,
        "reportFilename": "mochawesome",
        "saveHtml": false,
        "saveJson": true,
        "consoleReporter": "spec",
        "useInlineDiffs": false,
        "code": true
      },
      "version": "7.1.3"
    },
    "marge": {
      "options": {
        "charts": true,
        "reportPageTitle": "custom-title",
        "overwrite": false,
        "embeddedScreenshots": true,
        "inlineAssets": true,
        "saveAllAttempts": false,
        "html": false,
        "json": true,
        "reportDir": "cypress\\reports\\html\\.jsons"
      },
      "version": "6.2.0"
    }
  }
}