{
  "stats": {
    "suites": 2,
    "tests": 2,
    "passes": 0,
    "pending": 0,
    "failures": 2,
    "start": "2023-04-21T06:45:02.652Z",
    "end": "2023-04-21T06:45:08.794Z",
    "duration": 6142,
    "testsRegistered": 2,
    "passPercent": 0,
    "pendingPercent": 0,
    "other": 0,
    "hasOther": false,
    "skipped": 0,
    "hasSkipped": false
  },
  "results": [
    {
      "uuid": "21fa935a-bdc2-49fd-a4a5-a505056dab01",
      "title": "",
      "fullFile": "cypress\\e2e\\test\\testWait.cy.js",
      "file": "cypress\\e2e\\test\\testWait.cy.js",
      "beforeHooks": [],
      "afterHooks": [],
      "tests": [],
      "suites": [
        {
          "uuid": "e93d27da-1efc-4103-bfa4-85b036b84eee",
          "title": "The example Imp waiting",
          "fullFile": "",
          "file": "",
          "beforeHooks": [],
          "afterHooks": [],
          "tests": [
            {
              "title": "implicit wait",
              "fullTitle": "The example Imp waiting implicit wait",
              "timedOut": null,
              "duration": 4164,
              "state": "failed",
              "speed": null,
              "pass": false,
              "fail": true,
              "pending": false,
              "context": null,
              "code": "cy.get('#some-element', {\n  timeout: 2000\n}).should('be.visible');",
              "err": {
                "message": "AssertionError: Timed out retrying after 2000ms: Expected to find element: `#some-element`, but never found it.",
                "estack": "AssertionError: Timed out retrying after 2000ms: Expected to find element: `#some-element`, but never found it.\n    at Context.eval (cypress/e2e/test/testWait.cy.js:8:51)",
                "diff": null
              },
              "uuid": "5d0dc08e-a776-4e40-be82-b9afa906d31a",
              "parentUUID": "e93d27da-1efc-4103-bfa4-85b036b84eee",
              "isHook": false,
              "skipped": false
            }
          ],
          "suites": [],
          "passes": [],
          "failures": [
            "5d0dc08e-a776-4e40-be82-b9afa906d31a"
          ],
          "pending": [],
          "skipped": [],
          "duration": 4164,
          "root": false,
          "rootEmpty": false,
          "_timeout": 2000
        },
        {
          "uuid": "417119dc-a26d-4c08-9ee1-69caae1dc62b",
          "title": "The example Ex waiting",
          "fullFile": "",
          "file": "",
          "beforeHooks": [],
          "afterHooks": [],
          "tests": [
            {
              "title": "explicit wait",
              "fullTitle": "The example Ex waiting explicit wait",
              "timedOut": null,
              "duration": 229,
              "state": "failed",
              "speed": null,
              "pass": false,
              "fail": true,
              "pending": false,
              "context": null,
              "code": "// Wait until an element becomes visible\ncy.wait('#some-element').should('be.visible');\n// wait api\ncy.intercept('/api/boards').as('boardList');\ncy.wait('@boardList');\n// cy.get('[data-testid=\"random-number\"]').should(($div) => {\n//     expect(n).to.be.gte(1).and.be.lte(10)\n// })",
              "err": {
                "message": "CypressError: `cy.visit()` must be called with a `url` or an `options` object containing a `url` as its 1st argument\n\nhttps://on.cypress.io/visit\n\nBecause this error occurred during a `before all` hook we are skipping the remaining tests in the current suite: `The example Ex waiting`",
                "estack": "CypressError: `cy.visit()` must be called with a `url` or an `options` object containing a `url` as its 1st argument\n\nhttps://on.cypress.io/visit\n\nBecause this error occurred during a `before all` hook we are skipping the remaining tests in the current suite: `The example Ex waiting`\n    at Context.visit (https://github.com/__cypress/runner/cypress_runner.js:137870:78)\n    at wrapped (https://github.com/__cypress/runner/cypress_runner.js:151174:43)\nFrom Your Spec Code:\n    at Context.eval (cypress/e2e/test/testWait.cy.js:14:11)",
                "diff": null
              },
              "uuid": "91fe8b96-5d0e-4f4b-a892-f8730e1d3ad8",
              "parentUUID": "417119dc-a26d-4c08-9ee1-69caae1dc62b",
              "isHook": false,
              "skipped": false
            }
          ],
          "suites": [],
          "passes": [],
          "failures": [
            "91fe8b96-5d0e-4f4b-a892-f8730e1d3ad8"
          ],
          "pending": [],
          "skipped": [],
          "duration": 229,
          "root": false,
          "rootEmpty": false,
          "_timeout": 2000
        }
      ],
      "passes": [],
      "failures": [],
      "pending": [],
      "skipped": [],
      "duration": 0,
      "root": true,
      "rootEmpty": true,
      "_timeout": 2000
    }
  ],
  "meta": {
    "mocha": {
      "version": "7.0.1"
    },
    "mochawesome": {
      "options": {
        "quiet": false,
        "reportFilename": "report",
        "saveHtml": true,
        "saveJson": true,
        "consoleReporter": "spec",
        "useInlineDiffs": false,
        "code": true
      },
      "version": "7.1.3"
    },
    "marge": {
      "options": {
        "reportDir": "cypress/results",
        "reportFilename": "report",
        "quite": true,
        "overwrite": true,
        "html": true,
        "json": true,
        "showPassed": false,
        "showFailed": false
      },
      "version": "6.2.0"
    }
  }
}